d:\vs prodjects\systems-programming\incoming.ada0103b\x64\debug\vc143.pdb
d:\vs prodjects\systems-programming\incoming.ada0103b\x64\debug\vc143.idb
d:\vs prodjects\systems-programming\incoming.ada0103b\x64\debug\theme6.obj
d:\vs prodjects\systems-programming\incoming.ada0103b\x64\debug\theme5.obj
d:\vs prodjects\systems-programming\incoming.ada0103b\x64\debug\theme4.obj
d:\vs prodjects\systems-programming\incoming.ada0103b\x64\debug\theme3.obj
d:\vs prodjects\systems-programming\incoming.ada0103b\x64\debug\theme2.obj
d:\vs prodjects\systems-programming\incoming.ada0103b\x64\debug\theme1.obj
d:\vs prodjects\systems-programming\incoming.ada0103b\x64\debug\source.obj
d:\vs prodjects\systems-programming\incoming.ada0103b\x64\debug\kr1.obj
d:\vs prodjects\systems-programming\x64\debug\incominginspection.exe
d:\vs prodjects\systems-programming\x64\debug\incominginspection.pdb
d:\vs prodjects\systems-programming\incoming.ada0103b\x64\debug\incominginspection.ilk
d:\vs prodjects\systems-programming\incoming.ada0103b\x64\debug\incoming.ada0103b.tlog\cl.command.1.tlog
d:\vs prodjects\systems-programming\incoming.ada0103b\x64\debug\incoming.ada0103b.tlog\cl.items.tlog
d:\vs prodjects\systems-programming\incoming.ada0103b\x64\debug\incoming.ada0103b.tlog\cl.read.1.tlog
d:\vs prodjects\systems-programming\incoming.ada0103b\x64\debug\incoming.ada0103b.tlog\cl.write.1.tlog
d:\vs prodjects\systems-programming\incoming.ada0103b\x64\debug\incoming.ada0103b.tlog\link.command.1.tlog
d:\vs prodjects\systems-programming\incoming.ada0103b\x64\debug\incoming.ada0103b.tlog\link.read.1.tlog
d:\vs prodjects\systems-programming\incoming.ada0103b\x64\debug\incoming.ada0103b.tlog\link.secondary.1.tlog
d:\vs prodjects\systems-programming\incoming.ada0103b\x64\debug\incoming.ada0103b.tlog\link.write.1.tlog
