  Kr1.c
  Source.c
D:\VS prodjects\systems-programming\Source.c(10,2): warning C4013: system: нет определения; предполагается "extern" с возвратом типа "int"
D:\VS prodjects\systems-programming\Source.c(21,3): warning C4013: z1: нет определения; предполагается "extern" с возвратом типа "int"
D:\VS prodjects\systems-programming\Source.c(24,3): warning C4013: z2: нет определения; предполагается "extern" с возвратом типа "int"
D:\VS prodjects\systems-programming\Source.c(27,3): warning C4013: z3: нет определения; предполагается "extern" с возвратом типа "int"
D:\VS prodjects\systems-programming\Source.c(46,3): warning C4013: T6Z2: нет определения; предполагается "extern" с возвратом типа "int"
D:\VS prodjects\systems-programming\Source.c(49,3): warning C4013: T6Z3: нет определения; предполагается "extern" с возвратом типа "int"
D:\VS prodjects\systems-programming\Source.c(66,3): warning C4013: T5Z1: нет определения; предполагается "extern" с возвратом типа "int"
D:\VS prodjects\systems-programming\Source.c(86,3): warning C4013: T4Z1: нет определения; предполагается "extern" с возвратом типа "int"
D:\VS prodjects\systems-programming\Source.c(89,3): warning C4013: T4Z2: нет определения; предполагается "extern" с возвратом типа "int"
D:\VS prodjects\systems-programming\Source.c(92,3): warning C4013: T4Z3: нет определения; предполагается "extern" с возвратом типа "int"
D:\VS prodjects\systems-programming\Source.c(111,3): warning C4013: T3Z1_2_3_4: нет определения; предполагается "extern" с возвратом типа "int"
D:\VS prodjects\systems-programming\Source.c(114,3): warning C4013: T3Z5: нет определения; предполагается "extern" с возвратом типа "int"
D:\VS prodjects\systems-programming\Source.c(136,3): warning C4013: T2Z1: нет определения; предполагается "extern" с возвратом типа "int"
D:\VS prodjects\systems-programming\Source.c(139,3): warning C4013: T2Z2: нет определения; предполагается "extern" с возвратом типа "int"
D:\VS prodjects\systems-programming\Source.c(145,3): warning C4013: T2Z4: нет определения; предполагается "extern" с возвратом типа "int"
D:\VS prodjects\systems-programming\Source.c(148,3): warning C4013: T2Z5: нет определения; предполагается "extern" с возвратом типа "int"
D:\VS prodjects\systems-programming\Source.c(168,3): warning C4013: T1Z1: нет определения; предполагается "extern" с возвратом типа "int"
D:\VS prodjects\systems-programming\Source.c(171,3): warning C4013: T1Z2: нет определения; предполагается "extern" с возвратом типа "int"
D:\VS prodjects\systems-programming\Source.c(174,3): warning C4013: T1Z3: нет определения; предполагается "extern" с возвратом типа "int"
D:\VS prodjects\systems-programming\Source.c(186,2): warning C4013: srand: нет определения; предполагается "extern" с возвратом типа "int"
D:\VS prodjects\systems-programming\Source.c(186,8): warning C4013: clock: нет определения; предполагается "extern" с возвратом типа "int"
  Theme1.c
D:\VS prodjects\systems-programming\Theme1.c(47,35): warning C4047: функция: "char **" отличается по уровням косвенного обращения от "char **[3]"
D:\VS prodjects\systems-programming\Theme1.c(47,35): warning C4024: inputParameters: различные типы для формального и фактического параметров 1
D:\VS prodjects\systems-programming\Theme1.c(54,13): warning C4047: функция: "char **" отличается по уровням косвенного обращения от "char **[2]"
D:\VS prodjects\systems-programming\Theme1.c(54,13): warning C4024: showInfo: различные типы для формального и фактического параметров 1
D:\VS prodjects\systems-programming\Theme1.c(59,13): warning C4047: функция: "char **" отличается по уровням косвенного обращения от "char **[2]"
D:\VS prodjects\systems-programming\Theme1.c(59,13): warning C4024: showInfo: различные типы для формального и фактического параметров 1
D:\VS prodjects\systems-programming\Theme1.c(46,9): warning C4047: инициализация: "char **" отличается по уровням косвенного обращения от "char [2]"
D:\VS prodjects\systems-programming\Theme1.c(50,10): warning C4047: инициализация: "char **" отличается по уровням косвенного обращения от "char [3]"
D:\VS prodjects\systems-programming\Theme1.c(79,35): warning C4047: функция: "char **" отличается по уровням косвенного обращения от "char **[6]"
D:\VS prodjects\systems-programming\Theme1.c(79,35): warning C4024: inputParameters: различные типы для формального и фактического параметров 1
D:\VS prodjects\systems-programming\Theme1.c(84,12): warning C4047: функция: "char **" отличается по уровням косвенного обращения от "char **[2]"
D:\VS prodjects\systems-programming\Theme1.c(84,12): warning C4024: showInfo: различные типы для формального и фактического параметров 1
D:\VS prodjects\systems-programming\Theme1.c(78,9): warning C4047: инициализация: "char **" отличается по уровням косвенного обращения от "char [3]"
D:\VS prodjects\systems-programming\Theme1.c(82,10): warning C4047: инициализация: "char **" отличается по уровням косвенного обращения от "char [2]"
D:\VS prodjects\systems-programming\Theme1.c(111,28): warning C4047: функция: "char **" отличается по уровням косвенного обращения от "char **[1]"
D:\VS prodjects\systems-programming\Theme1.c(111,28): warning C4024: inputParameters: различные типы для формального и фактического параметров 1
D:\VS prodjects\systems-programming\Theme1.c(122,29): warning C4244: функция: преобразование "double" в "int", возможна потеря данных
D:\VS prodjects\systems-programming\Theme1.c(124,11): warning C4047: функция: "char **" отличается по уровням косвенного обращения от "char **[1]"
D:\VS prodjects\systems-programming\Theme1.c(124,11): warning C4024: showInfo: различные типы для формального и фактического параметров 1
D:\VS prodjects\systems-programming\Theme1.c(106,9): warning C4047: инициализация: "char **" отличается по уровням косвенного обращения от "char [2]"
D:\VS prodjects\systems-programming\Theme1.c(121,9): warning C4047: инициализация: "char **" отличается по уровням косвенного обращения от "char [10]"
  Theme2.c
D:\VS prodjects\systems-programming\Theme2.c(49,46): warning C4267: =: преобразование из "size_t" в "int"; возможна потеря данных
D:\VS prodjects\systems-programming\Theme2.c(140,10): warning C4477: "printf": в строке форматирования "%d" требуется аргумент типа "int", но вариативный аргумент "1" имеет тип "size_t"
  D:\VS prodjects\systems-programming\Theme2.c(140,10):
  рекомендуется использовать "%zd" в строке форматирования
  
D:\VS prodjects\systems-programming\Theme2.c(150,10): warning C4477: "printf": в строке форматирования "%d" требуется аргумент типа "int", но вариативный аргумент "1" имеет тип "size_t"
  D:\VS prodjects\systems-programming\Theme2.c(150,10):
  рекомендуется использовать "%zd" в строке форматирования
  
  Theme3.c
D:\VS prodjects\systems-programming\Theme3.c(35,2): warning C4047: return: "fp_int" отличается по уровням косвенного обращения от "parr"
D:\VS prodjects\systems-programming\Theme3.c(61,2): warning C4047: return: "fp_int" отличается по уровням косвенного обращения от "parr"
D:\VS prodjects\systems-programming\Theme3.c(124,17): warning C4047: =: "parr" отличается по уровням косвенного обращения от "fp_int"
D:\VS prodjects\systems-programming\Theme3.c(125,17): warning C4047: =: "parr" отличается по уровням косвенного обращения от "fp_int"
D:\VS prodjects\systems-programming\Theme3.c(126,17): warning C4047: =: "parr" отличается по уровням косвенного обращения от "fp_int"
D:\VS prodjects\systems-programming\Theme3.c(127,17): warning C4047: =: "parr" отличается по уровням косвенного обращения от "fp_int"
D:\VS prodjects\systems-programming\Theme3.c(128,17): warning C4047: =: "parr" отличается по уровням косвенного обращения от "fp_int"
D:\VS prodjects\systems-programming\Theme3.c(129,17): warning C4047: =: "parr" отличается по уровням косвенного обращения от "fp_int"
D:\VS prodjects\systems-programming\Theme3.c(130,17): warning C4047: =: "parr" отличается по уровням косвенного обращения от "fp_int"
D:\VS prodjects\systems-programming\Theme3.c(131,17): warning C4047: =: "parr" отличается по уровням косвенного обращения от "fp_int"
D:\VS prodjects\systems-programming\Theme3.c(143,17): warning C4047: =: "parr" отличается по уровням косвенного обращения от "fp_int"
D:\VS prodjects\systems-programming\Theme3.c(144,17): warning C4047: =: "parr" отличается по уровням косвенного обращения от "fp_int"
D:\VS prodjects\systems-programming\Theme3.c(145,17): warning C4047: =: "parr" отличается по уровням косвенного обращения от "fp_int"
D:\VS prodjects\systems-programming\Theme3.c(149,17): warning C4047: =: "parr" отличается по уровням косвенного обращения от "fp_int"
  Theme4.c
  Theme5.c
D:\VS prodjects\systems-programming\CustomHeader.h(39,22): warning C4267: инициализация: преобразование из "size_t" в "int"; возможна потеря данных
  (компиляция исходного файла "Theme5.c")
  
D:\VS prodjects\systems-programming\CustomHeader.h(56,27): warning C4244: инициализация: преобразование "double" в "int", возможна потеря данных
  (компиляция исходного файла "Theme5.c")
  
D:\VS prodjects\systems-programming\Theme5.c(30,9): warning C4477: "printf": в строке форматирования "%lf" требуется аргумент типа "double", но вариативный аргумент "1" имеет тип "int"
  Theme6.c
D:\VS prodjects\systems-programming\Theme6.c(42,32): warning C4305: инициализация: усечение из "double" в "float"
D:\VS prodjects\systems-programming\Theme6.c(47,12): warning C4244: инициализация: преобразование "double" в "float", возможна потеря данных
  Создание кода...
  IncomingInspection.vcxproj -> D:\VS prodjects\systems-programming\x64\Debug\IncomingInspection.exe
